<?xml version="1.0" encoding="UTF-8"?>
<!-- Generated by org.testng.reporters.JUnitXMLReporter -->
<testsuite ignored="0" hostname="DESKTOP-RI4MVG6" failures="0" tests="6" name="Default test" time="13.16" errors="0" timestamp="2024-07-05T10:14:24 IST">
  <testcase classname="testNGDemo.NewTest" name="facebook" time="0.87"/>
  <testcase classname="testNGDemo.NewTest" name="gmail" time="1.348"/>
  <testcase classname="testNGDemo.NewTest" name="google" time="0.808"/>
  <testcase classname="testNGDemo.NewTest" name="redmine" time="3.702"/>
  <testcase classname="testNGDemo.NewTest" name="selenium" time="1.13"/>
  <testcase classname="testNGDemo.NewTest" name="twitter" time="3.741"/>
</testsuite> <!-- Default test -->
