<?xml version="1.0" encoding="UTF-8"?>
<testng-results ignored="0" total="6" passed="6" failed="0" skipped="0">
  <reporter-output>
  </reporter-output>
  <suite started-at="2024-07-05T10:14:11 IST" name="Default suite" finished-at="2024-07-05T10:14:24 IST" duration-ms="13160">
    <groups>
    </groups>
    <test started-at="2024-07-05T10:14:11 IST" name="Default test" finished-at="2024-07-05T10:14:24 IST" duration-ms="13160">
      <class name="testNGDemo.NewTest">
        <test-method is-config="true" signature="beforeTest()[pri:0, instance:testNGDemo.NewTest@15a34df2]" started-at="2024-07-05T10:14:11 IST" name="beforeTest" finished-at="2024-07-05T10:14:13 IST" duration-ms="1402" status="PASS">
          <reporter-output>
          </reporter-output>
        </test-method> <!-- beforeTest -->
        <test-method signature="facebook()[pri:0, instance:testNGDemo.NewTest@15a34df2]" started-at="2024-07-05T10:14:13 IST" name="facebook" finished-at="2024-07-05T10:14:14 IST" duration-ms="870" status="PASS">
          <reporter-output>
          </reporter-output>
        </test-method> <!-- facebook -->
        <test-method signature="gmail()[pri:0, instance:testNGDemo.NewTest@15a34df2]" started-at="2024-07-05T10:14:14 IST" name="gmail" finished-at="2024-07-05T10:14:15 IST" duration-ms="1348" status="PASS">
          <reporter-output>
          </reporter-output>
        </test-method> <!-- gmail -->
        <test-method signature="google()[pri:0, instance:testNGDemo.NewTest@15a34df2]" started-at="2024-07-05T10:14:15 IST" name="google" finished-at="2024-07-05T10:14:16 IST" duration-ms="808" status="PASS">
          <reporter-output>
          </reporter-output>
        </test-method> <!-- google -->
        <test-method signature="redmine()[pri:0, instance:testNGDemo.NewTest@15a34df2]" started-at="2024-07-05T10:14:16 IST" name="redmine" finished-at="2024-07-05T10:14:19 IST" duration-ms="3702" status="PASS">
          <reporter-output>
          </reporter-output>
        </test-method> <!-- redmine -->
        <test-method signature="selenium()[pri:0, instance:testNGDemo.NewTest@15a34df2]" started-at="2024-07-05T10:14:19 IST" name="selenium" finished-at="2024-07-05T10:14:21 IST" duration-ms="1130" status="PASS">
          <reporter-output>
          </reporter-output>
        </test-method> <!-- selenium -->
        <test-method signature="twitter()[pri:0, instance:testNGDemo.NewTest@15a34df2]" started-at="2024-07-05T10:14:21 IST" name="twitter" finished-at="2024-07-05T10:14:24 IST" duration-ms="3741" status="PASS">
          <reporter-output>
          </reporter-output>
        </test-method> <!-- twitter -->
        <test-method is-config="true" signature="afterTest()[pri:0, instance:testNGDemo.NewTest@15a34df2]" started-at="2024-07-05T10:14:24 IST" name="afterTest" finished-at="2024-07-05T10:14:24 IST" duration-ms="125" status="PASS">
          <reporter-output>
          </reporter-output>
        </test-method> <!-- afterTest -->
      </class> <!-- testNGDemo.NewTest -->
    </test> <!-- Default test -->
  </suite> <!-- Default suite -->
</testng-results>
